<?xml version="1.0" encoding="UTF-8"?>
<!-- Generated by org.testng.reporters.JUnitXMLReporter -->
<testsuite ignored="0" hostname="LAPTOP-HH7IGSDH" failures="2" tests="22" name="Test" time="23.247" errors="0" timestamp="2022-02-22T16:11:59 PST">
  <testcase classname="com.RestAssuredAutomation_LMSAPI_testCases.TC001_Check_Authentication" name="Test01_Valid_Credentials" time="4.547"/>
  <testcase classname="com.RestAssuredAutomation_LMSAPI_testCases.TC001_Check_Authentication" name="Test02_Invalid_Credentials" time="0.689"/>
  <testcase classname="com.RestAssuredAutomation_LMSAPI_testCases.TC001_Check_Authentication" name="Test03_NotPassing_Credentials" time="0.952"/>
  <testcase classname="com.RestAssuredAutomation_LMSAPI_testCases.TC002_Get_All_Details" name="Test_02_valIdRequestURL" time="3.938"/>
  <testcase classname="com.RestAssuredAutomation_LMSAPI_testCases.TC002_Get_All_Details" name="Test_03_invalIdRequestURL" time="0.764"/>
  <testcase classname="com.RestAssuredAutomation_LMSAPI_testCases.TC003_GetDetails_SingleProgramID" name="Test02_GetDetails_NonExistingProgramId" time="0.694"/>
  <testcase classname="com.RestAssuredAutomation_LMSAPI_testCases.TC003_GetDetails_SingleProgramID" name="Test03_GetDetails_singleProgramId" time="0.705"/>
  <testcase classname="com.RestAssuredAutomation_LMSAPI_testCases.TC004_POST_Request" name="Test01_PostRequest_ValidData" time="0.771"/>
  <testcase classname="com.RestAssuredAutomation_LMSAPI_testCases.TC004_POST_Request" name="Test04_MandatoryParams_Missing" time="0.681"/>
  <testcase classname="com.RestAssuredAutomation_LMSAPI_testCases.TC005_PUT_Request" name="Test01_PUTRequest_ExistingProgramID" time="0.696">
    <failure type="java.lang.AssertionError" message="1 expectation failed.
JSON path programId doesn&amp;apos;t match.
Expected: \&amp;quot;1056\&amp;quot;
  Actual: &amp;lt;10149&amp;gt;
">
      <![CDATA[java.lang.AssertionError: 1 expectation failed.
JSON path programId doesn't match.
Expected: \"1056\"
  Actual: <10149>

at org.codehaus.groovy.runtime.callsite.ConstructorSite$ConstructorSiteNoUnwrapNoCoerce.callConstructor(ConstructorSite.java:105)
at org.codehaus.groovy.runtime.callsite.CallSiteArray.defaultCallConstructor(CallSiteArray.java:59)
at org.codehaus.groovy.runtime.callsite.AbstractCallSite.callConstructor(AbstractCallSite.java:263)
at org.codehaus.groovy.runtime.callsite.AbstractCallSite.callConstructor(AbstractCallSite.java:277)
at io.restassured.internal.ResponseSpecificationImpl$HamcrestAssertionClosure.validate(ResponseSpecificationImpl.groovy:493)
at io.restassured.internal.ResponseSpecificationImpl$HamcrestAssertionClosure$validate$1.call(Unknown Source)
at io.restassured.internal.ResponseSpecificationImpl.validateResponseIfRequired(ResponseSpecificationImpl.groovy:674)
at org.codehaus.groovy.runtime.callsite.PlainObjectMetaMethodSite.doInvoke(PlainObjectMetaMethodSite.java:43)
at org.codehaus.groovy.runtime.callsite.PogoMetaMethodSite$PogoCachedMethodSiteNoUnwrapNoCoerce.invoke(PogoMetaMethodSite.java:193)
at org.codehaus.groovy.runtime.callsite.PogoMetaMethodSite.callCurrent(PogoMetaMethodSite.java:61)
at org.codehaus.groovy.runtime.callsite.AbstractCallSite.callCurrent(AbstractCallSite.java:185)
at io.restassured.internal.ResponseSpecificationImpl.body(ResponseSpecificationImpl.groovy:261)
at io.restassured.specification.ResponseSpecification$body$2.callCurrent(Unknown Source)
at io.restassured.internal.ResponseSpecificationImpl.body(ResponseSpecificationImpl.groovy:108)
at io.restassured.internal.ValidatableResponseOptionsImpl.body(ValidatableResponseOptionsImpl.java:244)
at io.restassured.internal.ValidatableResponseImpl.super$2$body(ValidatableResponseImpl.groovy)
at groovy.lang.MetaMethod.doMethodInvoke(MetaMethod.java:323)
at groovy.lang.MetaClassImpl.invokeMethod(MetaClassImpl.java:1268)
at org.codehaus.groovy.runtime.ScriptBytecodeAdapter.invokeMethodOnSuperN(ScriptBytecodeAdapter.java:144)
at io.restassured.internal.ValidatableResponseImpl.body(ValidatableResponseImpl.groovy:298)
at io.restassured.internal.ValidatableResponseImpl.body(ValidatableResponseImpl.groovy)
at com.RestAssuredAutomation_LMSAPI_testCases.TC005_PUT_Request.Test01_PUTRequest_ExistingProgramID(TC005_PUT_Request.java:47)
at java.base/java.util.ArrayList.forEach(ArrayList.java:1511)
... Removed 41 stack frames]]>
    </failure>
  </testcase> <!-- Test01_PUTRequest_ExistingProgramID -->
  <testcase classname="com.RestAssuredAutomation_LMSAPI_testCases.TC005_PUT_Request" name="Test02_PUTRequest_nonExistingProgramID" time="0.663">
    <failure type="java.lang.AssertionError" message="1 expectation failed.
Expected status code &amp;lt;404&amp;gt; but was &amp;lt;200&amp;gt;.
">
      <![CDATA[java.lang.AssertionError: 1 expectation failed.
Expected status code <404> but was <200>.

at org.codehaus.groovy.runtime.callsite.ConstructorSite$ConstructorSiteNoUnwrapNoCoerce.callConstructor(ConstructorSite.java:105)
at org.codehaus.groovy.runtime.callsite.AbstractCallSite.callConstructor(AbstractCallSite.java:277)
at io.restassured.internal.ResponseSpecificationImpl$HamcrestAssertionClosure.validate(ResponseSpecificationImpl.groovy:493)
at io.restassured.internal.ResponseSpecificationImpl$HamcrestAssertionClosure$validate$1.call(Unknown Source)
at io.restassured.internal.ResponseSpecificationImpl.validateResponseIfRequired(ResponseSpecificationImpl.groovy:674)
at org.codehaus.groovy.runtime.callsite.PlainObjectMetaMethodSite.doInvoke(PlainObjectMetaMethodSite.java:43)
at org.codehaus.groovy.runtime.callsite.PogoMetaMethodSite$PogoCachedMethodSiteNoUnwrapNoCoerce.invoke(PogoMetaMethodSite.java:193)
at org.codehaus.groovy.runtime.callsite.PogoMetaMethodSite.callCurrent(PogoMetaMethodSite.java:61)
at org.codehaus.groovy.runtime.callsite.AbstractCallSite.callCurrent(AbstractCallSite.java:185)
at io.restassured.internal.ResponseSpecificationImpl.statusCode(ResponseSpecificationImpl.groovy:126)
at io.restassured.specification.ResponseSpecification$statusCode$0.callCurrent(Unknown Source)
at io.restassured.internal.ResponseSpecificationImpl.statusCode(ResponseSpecificationImpl.groovy:134)
at io.restassured.internal.ValidatableResponseOptionsImpl.statusCode(ValidatableResponseOptionsImpl.java:89)
at io.restassured.internal.ValidatableResponseImpl.super$2$statusCode(ValidatableResponseImpl.groovy)
at groovy.lang.MetaMethod.doMethodInvoke(MetaMethod.java:323)
at groovy.lang.MetaClassImpl.invokeMethod(MetaClassImpl.java:1268)
at org.codehaus.groovy.runtime.ScriptBytecodeAdapter.invokeMethodOnSuperN(ScriptBytecodeAdapter.java:144)
at io.restassured.internal.ValidatableResponseImpl.statusCode(ValidatableResponseImpl.groovy:142)
at io.restassured.internal.ValidatableResponseImpl.statusCode(ValidatableResponseImpl.groovy)
at com.RestAssuredAutomation_LMSAPI_testCases.TC005_PUT_Request.Test02_PUTRequest_nonExistingProgramID(TC005_PUT_Request.java:75)
at java.base/java.util.ArrayList.forEach(ArrayList.java:1511)
... Removed 41 stack frames]]>
    </failure>
  </testcase> <!-- Test02_PUTRequest_nonExistingProgramID -->
  <testcase classname="com.RestAssuredAutomation_LMSAPI_testCases.TC006_DELETE_Request" name="Test01_DeleteRequest_ExistingProgramID" time="0.668"/>
  <testcase classname="com.RestAssuredAutomation_LMSAPI_testCases.TC006_DELETE_Request" name="Test01_DeleteRequest_ExistingProgramID" time="0.715"/>
  <testcase classname="com.RestAssuredAutomation_LMSAPI_testCases.TC006_DELETE_Request" name="Test02_DeleteRequest_NonExistingProgramID" time="0.682"/>
  <testcase classname="com.RestAssuredAutomation_JobsAPI_testCases.TC001_Get_All_Details" name="Test_02_valIdRequestURL" time="0.541"/>
  <testcase classname="com.RestAssuredAutomation_JobsAPI_testCases.TC001_Get_All_Details" name="Test_03_invalIdRequestURL" time="0.591"/>
  <testcase classname="com.RestAssuredAutomation_JobsAPI_testCases.TC002_Post_Method" name="Test01_Post_validdata" time="0.485"/>
  <testcase classname="com.RestAssuredAutomation_JobsAPI_testCases.TC002_Post_Method" name="Test02_Post_with_ExistingID" time="0.466"/>
  <testcase classname="com.RestAssuredAutomation_JobsAPI_testCases.TC003_PUT_Method" name="Test01_PUT_ValidData" time="0.493"/>
  <testcase classname="com.RestAssuredAutomation_JobsAPI_testCases.TC003_PUT_Method" name="Test02_PUT_NonExistingJobID" time="0.492"/>
  <testcase classname="com.RestAssuredAutomation_JobsAPI_testCases.TC004_Delete_Method" name="Test01_Delete_ExistingJobId" time="0.493"/>
  <testcase classname="com.RestAssuredAutomation_JobsAPI_testCases.TC004_Delete_Method" name="Test02_Delete_nonExistingJobId" time="0.474"/>
</testsuite> <!-- Test -->
